<?xml version="1.0" encoding="UTF-8"?>
<!-- Generated by org.testng.reporters.JUnitXMLReporter -->
<testsuite hostname="MININT-76T37AD" name="Test1" tests="2" failures="0" timestamp="10 May 2017 13:22:14 GMT" time="2.253" errors="0">
  <testcase name="@BeforeClass testInit" time="0.0" classname="com.microsoft.mysearch.qa.pages.HomePageTest">
    <failure type="org.openqa.selenium.WebDriverException" message="java.net.MalformedURLException: no protocol: /
Build info: version: &amp;apos;2.48.2&amp;apos;, revision: &amp;apos;41bccdd10cf2c0560f637404c2d96164b67d9d67&amp;apos;, time: &amp;apos;2015-10-09 13:08:06&amp;apos;
System info: host: &amp;apos;MININT-76T37AD&amp;apos;, ip: &amp;apos;10.93.188.250&amp;apos;, os.name: &amp;apos;Windows 10&amp;apos;, os.arch: &amp;apos;amd64&amp;apos;, os.version: &amp;apos;10.0&amp;apos;, java.version: &amp;apos;1.8.0_131&amp;apos;
Driver info: driver.version: HtmlUnitDriver">
      <![CDATA[org.openqa.selenium.WebDriverException: java.net.MalformedURLException: no protocol: /
Build info: version: '2.48.2', revision: '41bccdd10cf2c0560f637404c2d96164b67d9d67', time: '2015-10-09 13:08:06'
System info: host: 'MININT-76T37AD', ip: '10.93.188.250', os.name: 'Windows 10', os.arch: 'amd64', os.version: '10.0', java.version: '1.8.0_131'
Driver info: driver.version: HtmlUnitDriver
	at org.openqa.selenium.htmlunit.HtmlUnitDriver.get(HtmlUnitDriver.java:527)
	at com.microsoft.mysearch.qa.pages.HomePageTest.testInit(HomePageTest.java:18)
Caused by: java.net.MalformedURLException: no protocol: /
	at java.net.URL.<init>(URL.java:593)
	at java.net.URL.<init>(URL.java:490)
	at java.net.URL.<init>(URL.java:439)
	at org.openqa.selenium.htmlunit.HtmlUnitDriver.get(HtmlUnitDriver.java:525)
	... 28 more
... Removed 27 stack frames]]>
    </failure>
  </testcase> <!-- @BeforeClass testInit -->
  <testcase name="@AfterMethod setScreenshot" time="0.0" classname="com.microsoft.mysearch.qa.pages.HomePageTest">
    <skipped/>
  </testcase> <!-- @AfterMethod setScreenshot -->
  <testcase name="@AfterMethod setScreenshot" time="0.0" classname="com.microsoft.mysearch.qa.pages.HomePageTest">
    <skipped/>
  </testcase> <!-- @AfterMethod setScreenshot -->
  <testcase name="test2" time="0.001" classname="com.microsoft.mysearch.qa.pages.HomePageTest">
    <skipped/>
  </testcase> <!-- test2 -->
  <testcase name="testH1Existing" time="0.0" classname="com.microsoft.mysearch.qa.pages.HomePageTest">
    <skipped/>
  </testcase> <!-- testH1Existing -->
</testsuite> <!-- Test1 -->
