<?xml version="1.0" encoding="UTF-8"?>
<testsuite name="TestSuite" time="2.952" tests="5" errors="0" skipped="4" failures="1">
  <properties>
[...]
</properties>
  <testcase name="testInit" classname="com.microsoft.mysearch.qa.pages.HomePageTest" time="2.952">
    <failure message="java.net.MalformedURLException: no protocol: /&#10;Build info: version: &apos;2.48.2&apos;, revision: &apos;41bccdd10cf2c0560f637404c2d96164b67d9d67&apos;, time: &apos;2015-10-09 13:08:06&apos;&#10;System info: host: &apos;MININT-76T37AD&apos;, ip: &apos;10.93.188.250&apos;, os.name: &apos;Windows 10&apos;, os.arch: &apos;amd64&apos;, os.version: &apos;10.0&apos;, java.version: &apos;1.8.0_131&apos;&#10;Driver info: driver.version: HtmlUnitDriver" type="org.openqa.selenium.WebDriverException"><![CDATA[org.openqa.selenium.WebDriverException: java.net.MalformedURLException: no protocol: /
Build info: version: '2.48.2', revision: '41bccdd10cf2c0560f637404c2d96164b67d9d67', time: '2015-10-09 13:08:06'
System info: host: 'MININT-76T37AD', ip: '10.93.188.250', os.name: 'Windows 10', os.arch: 'amd64', os.version: '10.0', java.version: '1.8.0_131'
Driver info: driver.version: HtmlUnitDriver
	at java.net.URL.<init>(URL.java:593)
	at java.net.URL.<init>(URL.java:490)
	at java.net.URL.<init>(URL.java:439)
	at org.openqa.selenium.htmlunit.HtmlUnitDriver.get(HtmlUnitDriver.java:525)
	at com.microsoft.mysearch.qa.pages.HomePageTest.testInit(HomePageTest.java:18)
]]></failure>
    <system-out><![CDATA[...
... TestNG 6.9.6 by CÃ©dric Beust (cedric@beust.com)
...

]]></system-out>
  </testcase>
  <testcase name="test2" classname="com.microsoft.mysearch.qa.pages.HomePageTest" time="0">
    <skipped/>
  </testcase>
  <testcase name="setScreenshot" classname="com.microsoft.mysearch.qa.pages.HomePageTest" time="0">
    <skipped/>
  </testcase>
  <testcase name="setScreenshot" classname="com.microsoft.mysearch.qa.pages.HomePageTest" time="0">
    <skipped/>
  </testcase>
  <testcase name="testH1Existing" classname="com.microsoft.mysearch.qa.pages.HomePageTest" time="0">
    <skipped/>
  </testcase>
</testsuite>